2023-10-29 19:08:55,725 [Worker-2: Loading available Gradle versions] INFO  o.e.b.c.i.u.g.PublishedGradleVersions - Gradle version information cache is up-to-date. Trying to read.
2023-10-29 19:11:31,960 [Worker-4: Loading available Gradle versions] INFO  o.e.b.c.i.u.g.PublishedGradleVersions - Gradle version information cache is up-to-date. Trying to read.
2023-10-29 19:18:35,462 [Worker-2: Loading available Gradle versions] INFO  o.e.b.c.i.u.g.PublishedGradleVersions - Gradle version information cache is up-to-date. Trying to read.
2023-10-30 10:19:53,328 [Worker-1: Loading available Gradle versions] INFO  o.e.b.c.i.u.g.PublishedGradleVersions - Gradle version information cache is up-to-date. Trying to read.
2023-10-30 14:30:05,392 [Worker-35: Git Repository Change Scanner] WARN  org.eclipse.jgit.lib.Repository - close() called when useCnt is already zero for Repository[C:\Users\rakes\git\repository3\.git]
2023-10-31 08:05:56,058 [Worker-4: Loading available Gradle versions] INFO  o.e.b.c.i.u.g.PublishedGradleVersions - Gradle version information cache is out-of-date. Trying to update.
2023-10-31 09:38:32,072 [ModalContext] INFO  o.e.a.i.i.DefaultArtifactResolver - Artifact org.apache.maven.archetypes:maven-archetype-quickstart:pom:1.4 is present in the local repository, but cached from a remote repository ID that is unavailable in current build context, verifying that is downloadable from [central (https://repo.maven.apache.org/maven2, default, releases)]
2023-10-31 09:38:32,080 [ModalContext] INFO  o.e.a.i.i.DefaultArtifactResolver - Artifact org.apache.maven.archetypes:maven-archetype-quickstart:pom:1.4 is present in the local repository, but cached from a remote repository ID that is unavailable in current build context, verifying that is downloadable from [central (https://repo.maven.apache.org/maven2, default, releases)]
2023-10-31 09:38:32,548 [ModalContext] INFO  o.e.m.c.i.e.AbstractTransferListenerAdapter - Downloading https://repo.maven.apache.org/maven2/org/apache/maven/archetypes/maven-archetype-bundles/1.4/maven-archetype-bundles-1.4.pom
2023-10-31 09:38:32,687 [ModalContext] INFO  o.e.m.c.i.e.AbstractTransferListenerAdapter - Downloaded https://repo.maven.apache.org/maven2/org/apache/maven/archetypes/maven-archetype-bundles/1.4/maven-archetype-bundles-1.4.pom
2023-10-31 09:38:32,734 [ModalContext] INFO  o.e.a.i.i.DefaultArtifactResolver - Artifact org.apache.maven.archetypes:maven-archetype-quickstart:jar:1.4 is present in the local repository, but cached from a remote repository ID that is unavailable in current build context, verifying that is downloadable from [central (https://repo.maven.apache.org/maven2, default, releases)]
2023-10-31 09:38:32,737 [ModalContext] INFO  o.e.a.i.i.DefaultArtifactResolver - Artifact org.apache.maven.archetypes:maven-archetype-quickstart:jar:1.4 is present in the local repository, but cached from a remote repository ID that is unavailable in current build context, verifying that is downloadable from [central (https://repo.maven.apache.org/maven2, default, releases)]
2023-10-31 09:39:40,418 [Worker-35: Launching mavenrun-88d4524a-4dae-4c45-8910-4c6464062875] INFO  o.eclipse.m2e.core.internal.Bundles - getClasspathEntries(Bundle=org.eclipse.m2e.maven.runtime_3.9.400.20230826-0755 [295])
2023-10-31 09:39:40,420 [Worker-35: Launching mavenrun-88d4524a-4dae-4c45-8910-4c6464062875] INFO  o.eclipse.m2e.core.internal.Bundles - 	Entry: C:\Users\rakes\.p2\pool\plugins\org.eclipse.m2e.maven.runtime_3.9.400.20230826-0755
2023-10-31 09:39:40,421 [Worker-35: Launching mavenrun-88d4524a-4dae-4c45-8910-4c6464062875] INFO  o.eclipse.m2e.core.internal.Bundles - 	Entry: C:\Users\rakes\.p2\pool\plugins\org.eclipse.m2e.maven.runtime_3.9.400.20230826-0755\jars\aether-connector-okhttp-0.17.8.jar
2023-10-31 09:39:40,422 [Worker-35: Launching mavenrun-88d4524a-4dae-4c45-8910-4c6464062875] INFO  o.eclipse.m2e.core.internal.Bundles - 	Entry: C:\Users\rakes\.p2\pool\plugins\org.eclipse.m2e.maven.runtime_3.9.400.20230826-0755\jars\aopalliance-1.0.jar
2023-10-31 09:39:40,422 [Worker-35: Launching mavenrun-88d4524a-4dae-4c45-8910-4c6464062875] INFO  o.eclipse.m2e.core.internal.Bundles - 	Entry: C:\Users\rakes\.p2\pool\plugins\org.eclipse.m2e.maven.runtime_3.9.400.20230826-0755\jars\commons-lang3-3.12.0.jar
2023-10-31 09:39:40,423 [Worker-35: Launching mavenrun-88d4524a-4dae-4c45-8910-4c6464062875] INFO  o.eclipse.m2e.core.internal.Bundles - 	Entry: C:\Users\rakes\.p2\pool\plugins\org.eclipse.m2e.maven.runtime_3.9.400.20230826-0755\jars\guice-5.1.0.jar
2023-10-31 09:39:40,423 [Worker-35: Launching mavenrun-88d4524a-4dae-4c45-8910-4c6464062875] INFO  o.eclipse.m2e.core.internal.Bundles - 	Entry: C:\Users\rakes\.p2\pool\plugins\org.eclipse.m2e.maven.runtime_3.9.400.20230826-0755\jars\jansi-2.4.0.jar
2023-10-31 09:39:40,423 [Worker-35: Launching mavenrun-88d4524a-4dae-4c45-8910-4c6464062875] INFO  o.eclipse.m2e.core.internal.Bundles - 	Entry: C:\Users\rakes\.p2\pool\plugins\org.eclipse.m2e.maven.runtime_3.9.400.20230826-0755\jars\maven-artifact-3.9.4.jar
2023-10-31 09:39:40,423 [Worker-35: Launching mavenrun-88d4524a-4dae-4c45-8910-4c6464062875] INFO  o.eclipse.m2e.core.internal.Bundles - 	Entry: C:\Users\rakes\.p2\pool\plugins\org.eclipse.m2e.maven.runtime_3.9.400.20230826-0755\jars\maven-builder-support-3.9.4.jar
2023-10-31 09:39:40,424 [Worker-35: Launching mavenrun-88d4524a-4dae-4c45-8910-4c6464062875] INFO  o.eclipse.m2e.core.internal.Bundles - 	Entry: C:\Users\rakes\.p2\pool\plugins\org.eclipse.m2e.maven.runtime_3.9.400.20230826-0755\jars\maven-compat-3.9.4.jar
2023-10-31 09:39:40,424 [Worker-35: Launching mavenrun-88d4524a-4dae-4c45-8910-4c6464062875] INFO  o.eclipse.m2e.core.internal.Bundles - 	Entry: C:\Users\rakes\.p2\pool\plugins\org.eclipse.m2e.maven.runtime_3.9.400.20230826-0755\jars\maven-core-3.9.4.jar
2023-10-31 09:39:40,424 [Worker-35: Launching mavenrun-88d4524a-4dae-4c45-8910-4c6464062875] INFO  o.eclipse.m2e.core.internal.Bundles - 	Entry: C:\Users\rakes\.p2\pool\plugins\org.eclipse.m2e.maven.runtime_3.9.400.20230826-0755\jars\maven-embedder-3.9.4.jar
2023-10-31 09:39:40,424 [Worker-35: Launching mavenrun-88d4524a-4dae-4c45-8910-4c6464062875] INFO  o.eclipse.m2e.core.internal.Bundles - 	Entry: C:\Users\rakes\.p2\pool\plugins\org.eclipse.m2e.maven.runtime_3.9.400.20230826-0755\jars\maven-model-3.9.4.jar
2023-10-31 09:39:40,425 [Worker-35: Launching mavenrun-88d4524a-4dae-4c45-8910-4c6464062875] INFO  o.eclipse.m2e.core.internal.Bundles - 	Entry: C:\Users\rakes\.p2\pool\plugins\org.eclipse.m2e.maven.runtime_3.9.400.20230826-0755\jars\maven-model-builder-3.9.4.jar
2023-10-31 09:39:40,425 [Worker-35: Launching mavenrun-88d4524a-4dae-4c45-8910-4c6464062875] INFO  o.eclipse.m2e.core.internal.Bundles - 	Entry: C:\Users\rakes\.p2\pool\plugins\org.eclipse.m2e.maven.runtime_3.9.400.20230826-0755\jars\maven-plugin-api-3.9.4.jar
2023-10-31 09:39:40,425 [Worker-35: Launching mavenrun-88d4524a-4dae-4c45-8910-4c6464062875] INFO  o.eclipse.m2e.core.internal.Bundles - 	Entry: C:\Users\rakes\.p2\pool\plugins\org.eclipse.m2e.maven.runtime_3.9.400.20230826-0755\jars\maven-repository-metadata-3.9.4.jar
2023-10-31 09:39:40,425 [Worker-35: Launching mavenrun-88d4524a-4dae-4c45-8910-4c6464062875] INFO  o.eclipse.m2e.core.internal.Bundles - 	Entry: C:\Users\rakes\.p2\pool\plugins\org.eclipse.m2e.maven.runtime_3.9.400.20230826-0755\jars\maven-resolver-api-1.9.14.jar
2023-10-31 09:39:40,425 [Worker-35: Launching mavenrun-88d4524a-4dae-4c45-8910-4c6464062875] INFO  o.eclipse.m2e.core.internal.Bundles - 	Entry: C:\Users\rakes\.p2\pool\plugins\org.eclipse.m2e.maven.runtime_3.9.400.20230826-0755\jars\maven-resolver-connector-basic-1.9.14.jar
2023-10-31 09:39:40,426 [Worker-35: Launching mavenrun-88d4524a-4dae-4c45-8910-4c6464062875] INFO  o.eclipse.m2e.core.internal.Bundles - 	Entry: C:\Users\rakes\.p2\pool\plugins\org.eclipse.m2e.maven.runtime_3.9.400.20230826-0755\jars\maven-resolver-impl-1.9.14.jar
2023-10-31 09:39:40,426 [Worker-35: Launching mavenrun-88d4524a-4dae-4c45-8910-4c6464062875] INFO  o.eclipse.m2e.core.internal.Bundles - 	Entry: C:\Users\rakes\.p2\pool\plugins\org.eclipse.m2e.maven.runtime_3.9.400.20230826-0755\jars\maven-resolver-named-locks-1.9.14.jar
2023-10-31 09:39:40,426 [Worker-35: Launching mavenrun-88d4524a-4dae-4c45-8910-4c6464062875] INFO  o.eclipse.m2e.core.internal.Bundles - 	Entry: C:\Users\rakes\.p2\pool\plugins\org.eclipse.m2e.maven.runtime_3.9.400.20230826-0755\jars\maven-resolver-provider-3.9.4.jar
2023-10-31 09:39:40,426 [Worker-35: Launching mavenrun-88d4524a-4dae-4c45-8910-4c6464062875] INFO  o.eclipse.m2e.core.internal.Bundles - 	Entry: C:\Users\rakes\.p2\pool\plugins\org.eclipse.m2e.maven.runtime_3.9.400.20230826-0755\jars\maven-resolver-spi-1.9.14.jar
2023-10-31 09:39:40,426 [Worker-35: Launching mavenrun-88d4524a-4dae-4c45-8910-4c6464062875] INFO  o.eclipse.m2e.core.internal.Bundles - 	Entry: C:\Users\rakes\.p2\pool\plugins\org.eclipse.m2e.maven.runtime_3.9.400.20230826-0755\jars\maven-resolver-transport-wagon-1.9.14.jar
2023-10-31 09:39:40,426 [Worker-35: Launching mavenrun-88d4524a-4dae-4c45-8910-4c6464062875] INFO  o.eclipse.m2e.core.internal.Bundles - 	Entry: C:\Users\rakes\.p2\pool\plugins\org.eclipse.m2e.maven.runtime_3.9.400.20230826-0755\jars\maven-resolver-util-1.9.14.jar
2023-10-31 09:39:40,427 [Worker-35: Launching mavenrun-88d4524a-4dae-4c45-8910-4c6464062875] INFO  o.eclipse.m2e.core.internal.Bundles - 	Entry: C:\Users\rakes\.p2\pool\plugins\org.eclipse.m2e.maven.runtime_3.9.400.20230826-0755\jars\maven-settings-3.9.4.jar
2023-10-31 09:39:40,427 [Worker-35: Launching mavenrun-88d4524a-4dae-4c45-8910-4c6464062875] INFO  o.eclipse.m2e.core.internal.Bundles - 	Entry: C:\Users\rakes\.p2\pool\plugins\org.eclipse.m2e.maven.runtime_3.9.400.20230826-0755\jars\maven-settings-builder-3.9.4.jar
2023-10-31 09:39:40,427 [Worker-35: Launching mavenrun-88d4524a-4dae-4c45-8910-4c6464062875] INFO  o.eclipse.m2e.core.internal.Bundles - 	Entry: C:\Users\rakes\.p2\pool\plugins\org.eclipse.m2e.maven.runtime_3.9.400.20230826-0755\jars\maven-shared-utils-3.3.4.jar
2023-10-31 09:39:40,427 [Worker-35: Launching mavenrun-88d4524a-4dae-4c45-8910-4c6464062875] INFO  o.eclipse.m2e.core.internal.Bundles - 	Entry: C:\Users\rakes\.p2\pool\plugins\org.eclipse.m2e.maven.runtime_3.9.400.20230826-0755\jars\okhttp-3.14.1.jar
2023-10-31 09:39:40,427 [Worker-35: Launching mavenrun-88d4524a-4dae-4c45-8910-4c6464062875] INFO  o.eclipse.m2e.core.internal.Bundles - 	Entry: C:\Users\rakes\.p2\pool\plugins\org.eclipse.m2e.maven.runtime_3.9.400.20230826-0755\jars\okio-1.17.3.jar
2023-10-31 09:39:40,428 [Worker-35: Launching mavenrun-88d4524a-4dae-4c45-8910-4c6464062875] INFO  o.eclipse.m2e.core.internal.Bundles - 	Entry: C:\Users\rakes\.p2\pool\plugins\org.eclipse.m2e.maven.runtime_3.9.400.20230826-0755\jars\org.eclipse.sisu.inject-0.3.5.jar
2023-10-31 09:39:40,428 [Worker-35: Launching mavenrun-88d4524a-4dae-4c45-8910-4c6464062875] INFO  o.eclipse.m2e.core.internal.Bundles - 	Entry: C:\Users\rakes\.p2\pool\plugins\org.eclipse.m2e.maven.runtime_3.9.400.20230826-0755\jars\org.eclipse.sisu.plexus-0.3.5.jar
2023-10-31 09:39:40,428 [Worker-35: Launching mavenrun-88d4524a-4dae-4c45-8910-4c6464062875] INFO  o.eclipse.m2e.core.internal.Bundles - 	Entry: C:\Users\rakes\.p2\pool\plugins\org.eclipse.m2e.maven.runtime_3.9.400.20230826-0755\jars\plexus-build-api-0.0.7.jar
2023-10-31 09:39:40,428 [Worker-35: Launching mavenrun-88d4524a-4dae-4c45-8910-4c6464062875] INFO  o.eclipse.m2e.core.internal.Bundles - 	Entry: C:\Users\rakes\.p2\pool\plugins\org.eclipse.m2e.maven.runtime_3.9.400.20230826-0755\jars\plexus-cipher-2.0.jar
2023-10-31 09:39:40,429 [Worker-35: Launching mavenrun-88d4524a-4dae-4c45-8910-4c6464062875] INFO  o.eclipse.m2e.core.internal.Bundles - 	Entry: C:\Users\rakes\.p2\pool\plugins\org.eclipse.m2e.maven.runtime_3.9.400.20230826-0755\jars\plexus-classworlds-2.7.0.jar
2023-10-31 09:39:40,429 [Worker-35: Launching mavenrun-88d4524a-4dae-4c45-8910-4c6464062875] INFO  o.eclipse.m2e.core.internal.Bundles - 	Entry: C:\Users\rakes\.p2\pool\plugins\org.eclipse.m2e.maven.runtime_3.9.400.20230826-0755\jars\plexus-component-annotations-2.1.0.jar
2023-10-31 09:39:40,429 [Worker-35: Launching mavenrun-88d4524a-4dae-4c45-8910-4c6464062875] INFO  o.eclipse.m2e.core.internal.Bundles - 	Entry: C:\Users\rakes\.p2\pool\plugins\org.eclipse.m2e.maven.runtime_3.9.400.20230826-0755\jars\plexus-interpolation-1.26.jar
2023-10-31 09:39:40,431 [Worker-35: Launching mavenrun-88d4524a-4dae-4c45-8910-4c6464062875] INFO  o.eclipse.m2e.core.internal.Bundles - 	Entry: C:\Users\rakes\.p2\pool\plugins\org.eclipse.m2e.maven.runtime_3.9.400.20230826-0755\jars\plexus-sec-dispatcher-2.0.jar
2023-10-31 09:39:40,431 [Worker-35: Launching mavenrun-88d4524a-4dae-4c45-8910-4c6464062875] INFO  o.eclipse.m2e.core.internal.Bundles - 	Entry: C:\Users\rakes\.p2\pool\plugins\org.eclipse.m2e.maven.runtime_3.9.400.20230826-0755\jars\plexus-utils-3.5.1.jar
2023-10-31 09:39:40,431 [Worker-35: Launching mavenrun-88d4524a-4dae-4c45-8910-4c6464062875] INFO  o.eclipse.m2e.core.internal.Bundles - 	Entry: C:\Users\rakes\.p2\pool\plugins\org.eclipse.m2e.maven.runtime_3.9.400.20230826-0755\jars\wagon-file-3.5.3.jar
2023-10-31 09:39:40,431 [Worker-35: Launching mavenrun-88d4524a-4dae-4c45-8910-4c6464062875] INFO  o.eclipse.m2e.core.internal.Bundles - 	Entry: C:\Users\rakes\.p2\pool\plugins\org.eclipse.m2e.maven.runtime_3.9.400.20230826-0755\jars\wagon-provider-api-3.5.3.jar
2023-10-31 09:39:40,433 [Worker-35: Launching mavenrun-88d4524a-4dae-4c45-8910-4c6464062875] INFO  o.eclipse.m2e.core.internal.Bundles - getClasspathEntries(Bundle=com.google.guava_32.1.2.jre [10])
2023-10-31 09:39:40,434 [Worker-35: Launching mavenrun-88d4524a-4dae-4c45-8910-4c6464062875] INFO  o.eclipse.m2e.core.internal.Bundles - 	Entry: C:\Users\rakes\.p2\pool\plugins\com.google.guava_32.1.2.jre.jar
2023-10-31 09:39:40,434 [Worker-35: Launching mavenrun-88d4524a-4dae-4c45-8910-4c6464062875] INFO  o.eclipse.m2e.core.internal.Bundles - getClasspathEntries(Bundle=slf4j.api_2.0.9 [516])
2023-10-31 09:39:40,435 [Worker-35: Launching mavenrun-88d4524a-4dae-4c45-8910-4c6464062875] INFO  o.eclipse.m2e.core.internal.Bundles - 	Entry: C:\Users\rakes\.p2\pool\plugins\slf4j.api_2.0.9.jar
2023-10-31 09:39:40,435 [Worker-35: Launching mavenrun-88d4524a-4dae-4c45-8910-4c6464062875] INFO  o.eclipse.m2e.core.internal.Bundles - getClasspathEntries(Bundle=javax.inject_1.0.0.v20220405-0441 [26])
2023-10-31 09:39:40,435 [Worker-35: Launching mavenrun-88d4524a-4dae-4c45-8910-4c6464062875] INFO  o.eclipse.m2e.core.internal.Bundles - 	Entry: C:\Users\rakes\.p2\pool\plugins\javax.inject_1.0.0.v20220405-0441.jar
2023-10-31 09:39:40,437 [Worker-35: Launching mavenrun-88d4524a-4dae-4c45-8910-4c6464062875] INFO  o.eclipse.m2e.core.internal.Bundles - getClasspathEntries(Bundle=javax.annotation_1.3.5.v20200909-1856 [24])
2023-10-31 09:39:40,438 [Worker-35: Launching mavenrun-88d4524a-4dae-4c45-8910-4c6464062875] INFO  o.eclipse.m2e.core.internal.Bundles - 	Entry: C:\Users\rakes\.p2\pool\plugins\javax.annotation_1.3.5.v20200909-1856.jar
2023-10-31 09:39:40,438 [Worker-35: Launching mavenrun-88d4524a-4dae-4c45-8910-4c6464062875] INFO  o.eclipse.m2e.core.internal.Bundles - getClasspathEntries(Bundle=org.apache.commons.cli_1.5.0 [49])
2023-10-31 09:39:40,438 [Worker-35: Launching mavenrun-88d4524a-4dae-4c45-8910-4c6464062875] INFO  o.eclipse.m2e.core.internal.Bundles - 	Entry: C:\Users\rakes\.p2\pool\plugins\org.apache.commons.cli_1.5.0.jar
2023-10-31 09:39:40,439 [Worker-35: Launching mavenrun-88d4524a-4dae-4c45-8910-4c6464062875] INFO  o.eclipse.m2e.core.internal.Bundles - getClasspathEntries(Bundle=com.google.guava.failureaccess_1.0.1 [12])
2023-10-31 09:39:40,439 [Worker-35: Launching mavenrun-88d4524a-4dae-4c45-8910-4c6464062875] INFO  o.eclipse.m2e.core.internal.Bundles - 	Entry: C:\Users\rakes\.p2\pool\plugins\com.google.guava.failureaccess_1.0.1.jar
2023-10-31 09:39:40,443 [Worker-35: Launching mavenrun-88d4524a-4dae-4c45-8910-4c6464062875] INFO  o.e.m.i.launch.MavenLaunchDelegate - Run build in "C:\Users\rakes\AppData\Local\Temp\m2e-archetypeGenerator4731525187825309715":
2023-10-31 09:39:40,444 [Worker-35: Launching mavenrun-88d4524a-4dae-4c45-8910-4c6464062875] INFO  o.e.m.i.launch.MavenLaunchDelegate -  mvn  -DarchetypeGroupId=org.apache.maven.archetypes -DarchetypeArtifactId=maven-archetype-quickstart -DarchetypeVersion=1.4 -DgroupId=jsonproject -DartifactId=jsonproject -Dversion=0.0.1-SNAPSHOT -Dpackage=jsonproject.jsonproject -DoutputDirectory=C:\MyDmantzcode -Dstyle.color=always -U archetype:generate
2023-10-31 09:41:42,434 [Worker-36: Creating maven-archetype-quickstart] INFO  o.e.m.c.i.p.ProjectConfigurationManager - Collecting project info '/pom.xml' C:\MyDmantzcode\Jsonproject\pom.xml
2023-10-31 09:44:14,991 [Worker-2: Loading available Gradle versions] INFO  o.e.b.c.i.u.g.PublishedGradleVersions - Gradle version information cache is up-to-date. Trying to read.
2023-10-31 09:46:46,603 [Worker-19: Launching mavenrun-41e9f136-6ac5-4a32-a0ef-f0b7a4cc9cb8] INFO  o.eclipse.m2e.core.internal.Bundles - getClasspathEntries(Bundle=org.eclipse.m2e.maven.runtime_3.9.400.20230826-0755 [295])
2023-10-31 09:46:46,607 [Worker-19: Launching mavenrun-41e9f136-6ac5-4a32-a0ef-f0b7a4cc9cb8] INFO  o.eclipse.m2e.core.internal.Bundles - 	Entry: C:\Users\rakes\.p2\pool\plugins\org.eclipse.m2e.maven.runtime_3.9.400.20230826-0755
2023-10-31 09:46:46,607 [Worker-19: Launching mavenrun-41e9f136-6ac5-4a32-a0ef-f0b7a4cc9cb8] INFO  o.eclipse.m2e.core.internal.Bundles - 	Entry: C:\Users\rakes\.p2\pool\plugins\org.eclipse.m2e.maven.runtime_3.9.400.20230826-0755\jars\aether-connector-okhttp-0.17.8.jar
2023-10-31 09:46:46,608 [Worker-19: Launching mavenrun-41e9f136-6ac5-4a32-a0ef-f0b7a4cc9cb8] INFO  o.eclipse.m2e.core.internal.Bundles - 	Entry: C:\Users\rakes\.p2\pool\plugins\org.eclipse.m2e.maven.runtime_3.9.400.20230826-0755\jars\aopalliance-1.0.jar
2023-10-31 09:46:46,608 [Worker-19: Launching mavenrun-41e9f136-6ac5-4a32-a0ef-f0b7a4cc9cb8] INFO  o.eclipse.m2e.core.internal.Bundles - 	Entry: C:\Users\rakes\.p2\pool\plugins\org.eclipse.m2e.maven.runtime_3.9.400.20230826-0755\jars\commons-lang3-3.12.0.jar
2023-10-31 09:46:46,608 [Worker-19: Launching mavenrun-41e9f136-6ac5-4a32-a0ef-f0b7a4cc9cb8] INFO  o.eclipse.m2e.core.internal.Bundles - 	Entry: C:\Users\rakes\.p2\pool\plugins\org.eclipse.m2e.maven.runtime_3.9.400.20230826-0755\jars\guice-5.1.0.jar
2023-10-31 09:46:46,608 [Worker-19: Launching mavenrun-41e9f136-6ac5-4a32-a0ef-f0b7a4cc9cb8] INFO  o.eclipse.m2e.core.internal.Bundles - 	Entry: C:\Users\rakes\.p2\pool\plugins\org.eclipse.m2e.maven.runtime_3.9.400.20230826-0755\jars\jansi-2.4.0.jar
2023-10-31 09:46:46,609 [Worker-19: Launching mavenrun-41e9f136-6ac5-4a32-a0ef-f0b7a4cc9cb8] INFO  o.eclipse.m2e.core.internal.Bundles - 	Entry: C:\Users\rakes\.p2\pool\plugins\org.eclipse.m2e.maven.runtime_3.9.400.20230826-0755\jars\maven-artifact-3.9.4.jar
2023-10-31 09:46:46,609 [Worker-19: Launching mavenrun-41e9f136-6ac5-4a32-a0ef-f0b7a4cc9cb8] INFO  o.eclipse.m2e.core.internal.Bundles - 	Entry: C:\Users\rakes\.p2\pool\plugins\org.eclipse.m2e.maven.runtime_3.9.400.20230826-0755\jars\maven-builder-support-3.9.4.jar
2023-10-31 09:46:46,609 [Worker-19: Launching mavenrun-41e9f136-6ac5-4a32-a0ef-f0b7a4cc9cb8] INFO  o.eclipse.m2e.core.internal.Bundles - 	Entry: C:\Users\rakes\.p2\pool\plugins\org.eclipse.m2e.maven.runtime_3.9.400.20230826-0755\jars\maven-compat-3.9.4.jar
2023-10-31 09:46:46,609 [Worker-19: Launching mavenrun-41e9f136-6ac5-4a32-a0ef-f0b7a4cc9cb8] INFO  o.eclipse.m2e.core.internal.Bundles - 	Entry: C:\Users\rakes\.p2\pool\plugins\org.eclipse.m2e.maven.runtime_3.9.400.20230826-0755\jars\maven-core-3.9.4.jar
2023-10-31 09:46:46,609 [Worker-19: Launching mavenrun-41e9f136-6ac5-4a32-a0ef-f0b7a4cc9cb8] INFO  o.eclipse.m2e.core.internal.Bundles - 	Entry: C:\Users\rakes\.p2\pool\plugins\org.eclipse.m2e.maven.runtime_3.9.400.20230826-0755\jars\maven-embedder-3.9.4.jar
2023-10-31 09:46:46,610 [Worker-19: Launching mavenrun-41e9f136-6ac5-4a32-a0ef-f0b7a4cc9cb8] INFO  o.eclipse.m2e.core.internal.Bundles - 	Entry: C:\Users\rakes\.p2\pool\plugins\org.eclipse.m2e.maven.runtime_3.9.400.20230826-0755\jars\maven-model-3.9.4.jar
2023-10-31 09:46:46,610 [Worker-19: Launching mavenrun-41e9f136-6ac5-4a32-a0ef-f0b7a4cc9cb8] INFO  o.eclipse.m2e.core.internal.Bundles - 	Entry: C:\Users\rakes\.p2\pool\plugins\org.eclipse.m2e.maven.runtime_3.9.400.20230826-0755\jars\maven-model-builder-3.9.4.jar
2023-10-31 09:46:46,610 [Worker-19: Launching mavenrun-41e9f136-6ac5-4a32-a0ef-f0b7a4cc9cb8] INFO  o.eclipse.m2e.core.internal.Bundles - 	Entry: C:\Users\rakes\.p2\pool\plugins\org.eclipse.m2e.maven.runtime_3.9.400.20230826-0755\jars\maven-plugin-api-3.9.4.jar
2023-10-31 09:46:46,610 [Worker-19: Launching mavenrun-41e9f136-6ac5-4a32-a0ef-f0b7a4cc9cb8] INFO  o.eclipse.m2e.core.internal.Bundles - 	Entry: C:\Users\rakes\.p2\pool\plugins\org.eclipse.m2e.maven.runtime_3.9.400.20230826-0755\jars\maven-repository-metadata-3.9.4.jar
2023-10-31 09:46:46,611 [Worker-19: Launching mavenrun-41e9f136-6ac5-4a32-a0ef-f0b7a4cc9cb8] INFO  o.eclipse.m2e.core.internal.Bundles - 	Entry: C:\Users\rakes\.p2\pool\plugins\org.eclipse.m2e.maven.runtime_3.9.400.20230826-0755\jars\maven-resolver-api-1.9.14.jar
2023-10-31 09:46:46,611 [Worker-19: Launching mavenrun-41e9f136-6ac5-4a32-a0ef-f0b7a4cc9cb8] INFO  o.eclipse.m2e.core.internal.Bundles - 	Entry: C:\Users\rakes\.p2\pool\plugins\org.eclipse.m2e.maven.runtime_3.9.400.20230826-0755\jars\maven-resolver-connector-basic-1.9.14.jar
2023-10-31 09:46:46,611 [Worker-19: Launching mavenrun-41e9f136-6ac5-4a32-a0ef-f0b7a4cc9cb8] INFO  o.eclipse.m2e.core.internal.Bundles - 	Entry: C:\Users\rakes\.p2\pool\plugins\org.eclipse.m2e.maven.runtime_3.9.400.20230826-0755\jars\maven-resolver-impl-1.9.14.jar
2023-10-31 09:46:46,611 [Worker-19: Launching mavenrun-41e9f136-6ac5-4a32-a0ef-f0b7a4cc9cb8] INFO  o.eclipse.m2e.core.internal.Bundles - 	Entry: C:\Users\rakes\.p2\pool\plugins\org.eclipse.m2e.maven.runtime_3.9.400.20230826-0755\jars\maven-resolver-named-locks-1.9.14.jar
2023-10-31 09:46:46,611 [Worker-19: Launching mavenrun-41e9f136-6ac5-4a32-a0ef-f0b7a4cc9cb8] INFO  o.eclipse.m2e.core.internal.Bundles - 	Entry: C:\Users\rakes\.p2\pool\plugins\org.eclipse.m2e.maven.runtime_3.9.400.20230826-0755\jars\maven-resolver-provider-3.9.4.jar
2023-10-31 09:46:46,612 [Worker-19: Launching mavenrun-41e9f136-6ac5-4a32-a0ef-f0b7a4cc9cb8] INFO  o.eclipse.m2e.core.internal.Bundles - 	Entry: C:\Users\rakes\.p2\pool\plugins\org.eclipse.m2e.maven.runtime_3.9.400.20230826-0755\jars\maven-resolver-spi-1.9.14.jar
2023-10-31 09:46:46,612 [Worker-19: Launching mavenrun-41e9f136-6ac5-4a32-a0ef-f0b7a4cc9cb8] INFO  o.eclipse.m2e.core.internal.Bundles - 	Entry: C:\Users\rakes\.p2\pool\plugins\org.eclipse.m2e.maven.runtime_3.9.400.20230826-0755\jars\maven-resolver-transport-wagon-1.9.14.jar
2023-10-31 09:46:46,612 [Worker-19: Launching mavenrun-41e9f136-6ac5-4a32-a0ef-f0b7a4cc9cb8] INFO  o.eclipse.m2e.core.internal.Bundles - 	Entry: C:\Users\rakes\.p2\pool\plugins\org.eclipse.m2e.maven.runtime_3.9.400.20230826-0755\jars\maven-resolver-util-1.9.14.jar
2023-10-31 09:46:46,612 [Worker-19: Launching mavenrun-41e9f136-6ac5-4a32-a0ef-f0b7a4cc9cb8] INFO  o.eclipse.m2e.core.internal.Bundles - 	Entry: C:\Users\rakes\.p2\pool\plugins\org.eclipse.m2e.maven.runtime_3.9.400.20230826-0755\jars\maven-settings-3.9.4.jar
2023-10-31 09:46:46,612 [Worker-19: Launching mavenrun-41e9f136-6ac5-4a32-a0ef-f0b7a4cc9cb8] INFO  o.eclipse.m2e.core.internal.Bundles - 	Entry: C:\Users\rakes\.p2\pool\plugins\org.eclipse.m2e.maven.runtime_3.9.400.20230826-0755\jars\maven-settings-builder-3.9.4.jar
2023-10-31 09:46:46,612 [Worker-19: Launching mavenrun-41e9f136-6ac5-4a32-a0ef-f0b7a4cc9cb8] INFO  o.eclipse.m2e.core.internal.Bundles - 	Entry: C:\Users\rakes\.p2\pool\plugins\org.eclipse.m2e.maven.runtime_3.9.400.20230826-0755\jars\maven-shared-utils-3.3.4.jar
2023-10-31 09:46:46,613 [Worker-19: Launching mavenrun-41e9f136-6ac5-4a32-a0ef-f0b7a4cc9cb8] INFO  o.eclipse.m2e.core.internal.Bundles - 	Entry: C:\Users\rakes\.p2\pool\plugins\org.eclipse.m2e.maven.runtime_3.9.400.20230826-0755\jars\okhttp-3.14.1.jar
2023-10-31 09:46:46,613 [Worker-19: Launching mavenrun-41e9f136-6ac5-4a32-a0ef-f0b7a4cc9cb8] INFO  o.eclipse.m2e.core.internal.Bundles - 	Entry: C:\Users\rakes\.p2\pool\plugins\org.eclipse.m2e.maven.runtime_3.9.400.20230826-0755\jars\okio-1.17.3.jar
2023-10-31 09:46:46,613 [Worker-19: Launching mavenrun-41e9f136-6ac5-4a32-a0ef-f0b7a4cc9cb8] INFO  o.eclipse.m2e.core.internal.Bundles - 	Entry: C:\Users\rakes\.p2\pool\plugins\org.eclipse.m2e.maven.runtime_3.9.400.20230826-0755\jars\org.eclipse.sisu.inject-0.3.5.jar
2023-10-31 09:46:46,613 [Worker-19: Launching mavenrun-41e9f136-6ac5-4a32-a0ef-f0b7a4cc9cb8] INFO  o.eclipse.m2e.core.internal.Bundles - 	Entry: C:\Users\rakes\.p2\pool\plugins\org.eclipse.m2e.maven.runtime_3.9.400.20230826-0755\jars\org.eclipse.sisu.plexus-0.3.5.jar
2023-10-31 09:46:46,613 [Worker-19: Launching mavenrun-41e9f136-6ac5-4a32-a0ef-f0b7a4cc9cb8] INFO  o.eclipse.m2e.core.internal.Bundles - 	Entry: C:\Users\rakes\.p2\pool\plugins\org.eclipse.m2e.maven.runtime_3.9.400.20230826-0755\jars\plexus-build-api-0.0.7.jar
2023-10-31 09:46:46,613 [Worker-19: Launching mavenrun-41e9f136-6ac5-4a32-a0ef-f0b7a4cc9cb8] INFO  o.eclipse.m2e.core.internal.Bundles - 	Entry: C:\Users\rakes\.p2\pool\plugins\org.eclipse.m2e.maven.runtime_3.9.400.20230826-0755\jars\plexus-cipher-2.0.jar
2023-10-31 09:46:46,614 [Worker-19: Launching mavenrun-41e9f136-6ac5-4a32-a0ef-f0b7a4cc9cb8] INFO  o.eclipse.m2e.core.internal.Bundles - 	Entry: C:\Users\rakes\.p2\pool\plugins\org.eclipse.m2e.maven.runtime_3.9.400.20230826-0755\jars\plexus-classworlds-2.7.0.jar
2023-10-31 09:46:46,614 [Worker-19: Launching mavenrun-41e9f136-6ac5-4a32-a0ef-f0b7a4cc9cb8] INFO  o.eclipse.m2e.core.internal.Bundles - 	Entry: C:\Users\rakes\.p2\pool\plugins\org.eclipse.m2e.maven.runtime_3.9.400.20230826-0755\jars\plexus-component-annotations-2.1.0.jar
2023-10-31 09:46:46,614 [Worker-19: Launching mavenrun-41e9f136-6ac5-4a32-a0ef-f0b7a4cc9cb8] INFO  o.eclipse.m2e.core.internal.Bundles - 	Entry: C:\Users\rakes\.p2\pool\plugins\org.eclipse.m2e.maven.runtime_3.9.400.20230826-0755\jars\plexus-interpolation-1.26.jar
2023-10-31 09:46:46,614 [Worker-19: Launching mavenrun-41e9f136-6ac5-4a32-a0ef-f0b7a4cc9cb8] INFO  o.eclipse.m2e.core.internal.Bundles - 	Entry: C:\Users\rakes\.p2\pool\plugins\org.eclipse.m2e.maven.runtime_3.9.400.20230826-0755\jars\plexus-sec-dispatcher-2.0.jar
2023-10-31 09:46:46,614 [Worker-19: Launching mavenrun-41e9f136-6ac5-4a32-a0ef-f0b7a4cc9cb8] INFO  o.eclipse.m2e.core.internal.Bundles - 	Entry: C:\Users\rakes\.p2\pool\plugins\org.eclipse.m2e.maven.runtime_3.9.400.20230826-0755\jars\plexus-utils-3.5.1.jar
2023-10-31 09:46:46,614 [Worker-19: Launching mavenrun-41e9f136-6ac5-4a32-a0ef-f0b7a4cc9cb8] INFO  o.eclipse.m2e.core.internal.Bundles - 	Entry: C:\Users\rakes\.p2\pool\plugins\org.eclipse.m2e.maven.runtime_3.9.400.20230826-0755\jars\wagon-file-3.5.3.jar
2023-10-31 09:46:46,615 [Worker-19: Launching mavenrun-41e9f136-6ac5-4a32-a0ef-f0b7a4cc9cb8] INFO  o.eclipse.m2e.core.internal.Bundles - 	Entry: C:\Users\rakes\.p2\pool\plugins\org.eclipse.m2e.maven.runtime_3.9.400.20230826-0755\jars\wagon-provider-api-3.5.3.jar
2023-10-31 09:46:46,617 [Worker-19: Launching mavenrun-41e9f136-6ac5-4a32-a0ef-f0b7a4cc9cb8] INFO  o.eclipse.m2e.core.internal.Bundles - getClasspathEntries(Bundle=com.google.guava_32.1.2.jre [10])
2023-10-31 09:46:46,618 [Worker-19: Launching mavenrun-41e9f136-6ac5-4a32-a0ef-f0b7a4cc9cb8] INFO  o.eclipse.m2e.core.internal.Bundles - 	Entry: C:\Users\rakes\.p2\pool\plugins\com.google.guava_32.1.2.jre.jar
2023-10-31 09:46:46,619 [Worker-19: Launching mavenrun-41e9f136-6ac5-4a32-a0ef-f0b7a4cc9cb8] INFO  o.eclipse.m2e.core.internal.Bundles - getClasspathEntries(Bundle=slf4j.api_2.0.9 [516])
2023-10-31 09:46:46,619 [Worker-19: Launching mavenrun-41e9f136-6ac5-4a32-a0ef-f0b7a4cc9cb8] INFO  o.eclipse.m2e.core.internal.Bundles - 	Entry: C:\Users\rakes\.p2\pool\plugins\slf4j.api_2.0.9.jar
2023-10-31 09:46:46,619 [Worker-19: Launching mavenrun-41e9f136-6ac5-4a32-a0ef-f0b7a4cc9cb8] INFO  o.eclipse.m2e.core.internal.Bundles - getClasspathEntries(Bundle=javax.inject_1.0.0.v20220405-0441 [26])
2023-10-31 09:46:46,620 [Worker-19: Launching mavenrun-41e9f136-6ac5-4a32-a0ef-f0b7a4cc9cb8] INFO  o.eclipse.m2e.core.internal.Bundles - 	Entry: C:\Users\rakes\.p2\pool\plugins\javax.inject_1.0.0.v20220405-0441.jar
2023-10-31 09:46:46,620 [Worker-19: Launching mavenrun-41e9f136-6ac5-4a32-a0ef-f0b7a4cc9cb8] INFO  o.eclipse.m2e.core.internal.Bundles - getClasspathEntries(Bundle=javax.annotation_1.3.5.v20200909-1856 [24])
2023-10-31 09:46:46,620 [Worker-19: Launching mavenrun-41e9f136-6ac5-4a32-a0ef-f0b7a4cc9cb8] INFO  o.eclipse.m2e.core.internal.Bundles - 	Entry: C:\Users\rakes\.p2\pool\plugins\javax.annotation_1.3.5.v20200909-1856.jar
2023-10-31 09:46:46,620 [Worker-19: Launching mavenrun-41e9f136-6ac5-4a32-a0ef-f0b7a4cc9cb8] INFO  o.eclipse.m2e.core.internal.Bundles - getClasspathEntries(Bundle=org.apache.commons.cli_1.5.0 [49])
2023-10-31 09:46:46,621 [Worker-19: Launching mavenrun-41e9f136-6ac5-4a32-a0ef-f0b7a4cc9cb8] INFO  o.eclipse.m2e.core.internal.Bundles - 	Entry: C:\Users\rakes\.p2\pool\plugins\org.apache.commons.cli_1.5.0.jar
2023-10-31 09:46:46,621 [Worker-19: Launching mavenrun-41e9f136-6ac5-4a32-a0ef-f0b7a4cc9cb8] INFO  o.eclipse.m2e.core.internal.Bundles - getClasspathEntries(Bundle=com.google.guava.failureaccess_1.0.1 [12])
2023-10-31 09:46:46,621 [Worker-19: Launching mavenrun-41e9f136-6ac5-4a32-a0ef-f0b7a4cc9cb8] INFO  o.eclipse.m2e.core.internal.Bundles - 	Entry: C:\Users\rakes\.p2\pool\plugins\com.google.guava.failureaccess_1.0.1.jar
2023-10-31 09:46:46,625 [Worker-19: Launching mavenrun-41e9f136-6ac5-4a32-a0ef-f0b7a4cc9cb8] INFO  o.e.m.i.launch.MavenLaunchDelegate - Run build in "C:\Users\rakes\AppData\Local\Temp\m2e-archetypeGenerator17709737120756474612":
2023-10-31 09:46:46,629 [Worker-19: Launching mavenrun-41e9f136-6ac5-4a32-a0ef-f0b7a4cc9cb8] INFO  o.e.m.i.launch.MavenLaunchDelegate -  mvn  -DarchetypeGroupId=org.apache.maven.archetypes -DarchetypeArtifactId=maven-archetype-quickstart -DarchetypeVersion=1.4 -DgroupId=jsonproject -DartifactId=jsonproject -Dversion=0.0.1-SNAPSHOT -Dpackage=jsonproject.jsonproject -DoutputDirectory=C:\MyDmantzcode -Dstyle.color=always -U archetype:generate
2023-10-31 09:47:07,382 [Worker-7: Creating maven-archetype-quickstart] INFO  o.e.m.c.i.p.ProjectConfigurationManager - Collecting project info '/pom.xml' C:\MyDmantzcode\jsonproject\pom.xml
2023-10-31 09:47:08,402 [Worker-7: Creating maven-archetype-quickstart] INFO  o.e.m.c.i.l.LifecycleMappingFactory - Using org.eclipse.m2e.jdt.JarLifecycleMapping lifecycle mapping for MavenProject: jsonproject:jsonproject:0.0.1-SNAPSHOT @ C:\MyDmantzcode\jsonproject\pom.xml.
2023-10-31 09:47:09,167 [Worker-7: Creating maven-archetype-quickstart] INFO  o.e.m.j.i.AbstractJavaProjectConfigurator - Adding source folder /jsonproject/src/main/java
2023-10-31 09:47:09,168 [Worker-7: Creating maven-archetype-quickstart] INFO  o.e.m.j.i.AbstractJavaProjectConfigurator - Adding resource folder /jsonproject/src/main/resources
2023-10-31 09:47:09,178 [Worker-7: Creating maven-archetype-quickstart] INFO  o.e.m.j.i.AbstractJavaProjectConfigurator - Adding source folder /jsonproject/src/test/java
2023-10-31 09:47:09,179 [Worker-7: Creating maven-archetype-quickstart] INFO  o.e.m.j.i.AbstractJavaProjectConfigurator - Adding resource folder /jsonproject/src/test/resources
2023-10-31 09:47:09,316 [Worker-7: Creating maven-archetype-quickstart] INFO  o.e.m.c.i.p.ProjectConfigurationManager - Imported and configured 1 project(s) in 1 sec
2023-10-31 09:47:09,749 [Worker-7: Building] INFO  o.e.m.c.i.embedder.EclipseLogger - Using 'UTF-8' encoding to copy filtered resources.
2023-10-31 09:47:09,749 [Worker-7: Building] INFO  o.e.m.c.i.embedder.EclipseLogger - skip non existing resourceDirectory C:\MyDmantzcode\jsonproject\src\main\resources
2023-10-31 09:47:09,754 [Worker-7: Building] INFO  o.e.m.c.i.embedder.EclipseLogger - Using 'UTF-8' encoding to copy filtered resources.
2023-10-31 09:47:09,755 [Worker-7: Building] INFO  o.e.m.c.i.embedder.EclipseLogger - skip non existing resourceDirectory C:\MyDmantzcode\jsonproject\src\test\resources
2023-10-31 11:23:22,442 [Worker-21: Building] INFO  o.e.m.c.i.embedder.EclipseLogger - Using 'UTF-8' encoding to copy filtered resources.
2023-10-31 11:23:22,442 [Worker-21: Building] INFO  o.e.m.c.i.embedder.EclipseLogger - skip non existing resourceDirectory C:\MyDmantzcode\jsonproject\src\main\resources
2023-10-31 11:23:22,447 [Worker-21: Building] INFO  o.e.m.c.i.embedder.EclipseLogger - Using 'UTF-8' encoding to copy filtered resources.
2023-10-31 11:23:22,447 [Worker-21: Building] INFO  o.e.m.c.i.embedder.EclipseLogger - skip non existing resourceDirectory C:\MyDmantzcode\jsonproject\src\test\resources
2023-10-31 11:26:15,632 [Worker-30: Building] INFO  o.e.m.c.i.l.LifecycleMappingFactory - Using org.eclipse.m2e.jdt.JarLifecycleMapping lifecycle mapping for MavenProject: jsonproject:jsonproject:0.0.1-SNAPSHOT @ C:\MyDmantzcode\jsonproject\pom.xml.
2023-10-31 11:26:15,889 [Worker-30: Building] INFO  o.e.m.c.i.embedder.EclipseLogger - Using 'UTF-8' encoding to copy filtered resources.
2023-10-31 11:26:15,889 [Worker-30: Building] INFO  o.e.m.c.i.embedder.EclipseLogger - skip non existing resourceDirectory C:\MyDmantzcode\jsonproject\src\main\resources
2023-10-31 11:26:15,893 [Worker-30: Building] INFO  o.e.m.c.i.embedder.EclipseLogger - Using 'UTF-8' encoding to copy filtered resources.
2023-10-31 11:26:15,893 [Worker-30: Building] INFO  o.e.m.c.i.embedder.EclipseLogger - skip non existing resourceDirectory C:\MyDmantzcode\jsonproject\src\test\resources
2023-10-31 11:27:28,514 [Worker-1: Loading available Gradle versions] INFO  o.e.b.c.i.u.g.PublishedGradleVersions - Gradle version information cache is up-to-date. Trying to read.
2023-10-31 11:29:14,220 [Worker-19: Building] INFO  o.e.m.c.i.embedder.EclipseLogger - Using 'UTF-8' encoding to copy filtered resources.
2023-10-31 11:29:14,221 [Worker-19: Building] INFO  o.e.m.c.i.embedder.EclipseLogger - skip non existing resourceDirectory C:\MyDmantzcode\jsonproject\src\main\resources
2023-10-31 11:29:14,229 [Worker-19: Building] INFO  o.e.m.c.i.embedder.EclipseLogger - Using 'UTF-8' encoding to copy filtered resources.
2023-10-31 11:29:14,229 [Worker-19: Building] INFO  o.e.m.c.i.embedder.EclipseLogger - skip non existing resourceDirectory C:\MyDmantzcode\jsonproject\src\test\resources
2023-10-31 11:29:37,048 [Worker-17: Building] INFO  o.e.m.c.i.embedder.EclipseLogger - Using 'UTF-8' encoding to copy filtered resources.
2023-10-31 11:29:37,048 [Worker-17: Building] INFO  o.e.m.c.i.embedder.EclipseLogger - skip non existing resourceDirectory C:\MyDmantzcode\jsonproject\src\main\resources
2023-10-31 11:29:37,052 [Worker-17: Building] INFO  o.e.m.c.i.embedder.EclipseLogger - Using 'UTF-8' encoding to copy filtered resources.
2023-10-31 11:29:37,052 [Worker-17: Building] INFO  o.e.m.c.i.embedder.EclipseLogger - skip non existing resourceDirectory C:\MyDmantzcode\jsonproject\src\test\resources
2023-10-31 11:29:47,401 [Worker-14: Building] INFO  o.e.m.c.i.embedder.EclipseLogger - Using 'UTF-8' encoding to copy filtered resources.
2023-10-31 11:29:47,401 [Worker-14: Building] INFO  o.e.m.c.i.embedder.EclipseLogger - skip non existing resourceDirectory C:\MyDmantzcode\jsonproject\src\main\resources
2023-10-31 11:29:47,404 [Worker-14: Building] INFO  o.e.m.c.i.embedder.EclipseLogger - Using 'UTF-8' encoding to copy filtered resources.
2023-10-31 11:29:47,404 [Worker-14: Building] INFO  o.e.m.c.i.embedder.EclipseLogger - skip non existing resourceDirectory C:\MyDmantzcode\jsonproject\src\test\resources
2023-10-31 11:30:43,680 [Worker-5: Building] INFO  o.e.m.c.i.embedder.EclipseLogger - Using 'UTF-8' encoding to copy filtered resources.
2023-10-31 11:30:43,681 [Worker-5: Building] INFO  o.e.m.c.i.embedder.EclipseLogger - skip non existing resourceDirectory C:\MyDmantzcode\jsonproject\src\main\resources
2023-10-31 11:30:43,683 [Worker-5: Building] INFO  o.e.m.c.i.embedder.EclipseLogger - Using 'UTF-8' encoding to copy filtered resources.
2023-10-31 11:30:43,684 [Worker-5: Building] INFO  o.e.m.c.i.embedder.EclipseLogger - skip non existing resourceDirectory C:\MyDmantzcode\jsonproject\src\test\resources
2023-10-31 11:31:06,722 [Worker-1: Building] INFO  o.e.m.c.i.embedder.EclipseLogger - Using 'UTF-8' encoding to copy filtered resources.
2023-10-31 11:31:06,723 [Worker-1: Building] INFO  o.e.m.c.i.embedder.EclipseLogger - skip non existing resourceDirectory C:\MyDmantzcode\jsonproject\src\main\resources
2023-10-31 11:31:06,726 [Worker-1: Building] INFO  o.e.m.c.i.embedder.EclipseLogger - Using 'UTF-8' encoding to copy filtered resources.
2023-10-31 11:31:06,726 [Worker-1: Building] INFO  o.e.m.c.i.embedder.EclipseLogger - skip non existing resourceDirectory C:\MyDmantzcode\jsonproject\src\test\resources
2023-10-31 11:31:47,251 [Worker-9: Launching ReadDataFromJsonFile] INFO  o.e.m.c.i.embedder.EclipseLogger - Using 'UTF-8' encoding to copy filtered resources.
2023-10-31 11:31:47,252 [Worker-9: Launching ReadDataFromJsonFile] INFO  o.e.m.c.i.embedder.EclipseLogger - skip non existing resourceDirectory C:\MyDmantzcode\jsonproject\src\main\resources
2023-10-31 11:31:47,256 [Worker-9: Launching ReadDataFromJsonFile] INFO  o.e.m.c.i.embedder.EclipseLogger - Using 'UTF-8' encoding to copy filtered resources.
2023-10-31 11:31:47,256 [Worker-9: Launching ReadDataFromJsonFile] INFO  o.e.m.c.i.embedder.EclipseLogger - skip non existing resourceDirectory C:\MyDmantzcode\jsonproject\src\test\resources
2023-10-31 11:32:03,744 [Worker-7: Launching ReadDataFromJsonFile] INFO  o.e.m.c.i.embedder.EclipseLogger - Using 'UTF-8' encoding to copy filtered resources.
2023-10-31 11:32:03,744 [Worker-7: Launching ReadDataFromJsonFile] INFO  o.e.m.c.i.embedder.EclipseLogger - skip non existing resourceDirectory C:\MyDmantzcode\jsonproject\src\main\resources
2023-10-31 11:32:03,748 [Worker-7: Launching ReadDataFromJsonFile] INFO  o.e.m.c.i.embedder.EclipseLogger - Using 'UTF-8' encoding to copy filtered resources.
2023-10-31 11:32:03,749 [Worker-7: Launching ReadDataFromJsonFile] INFO  o.e.m.c.i.embedder.EclipseLogger - skip non existing resourceDirectory C:\MyDmantzcode\jsonproject\src\test\resources
2023-10-31 11:34:10,739 [Worker-14: Launching ReadDataFromJsonFile] INFO  o.e.m.c.i.embedder.EclipseLogger - Using 'UTF-8' encoding to copy filtered resources.
2023-10-31 11:34:10,740 [Worker-14: Launching ReadDataFromJsonFile] INFO  o.e.m.c.i.embedder.EclipseLogger - skip non existing resourceDirectory C:\MyDmantzcode\jsonproject\src\main\resources
2023-10-31 11:34:10,745 [Worker-14: Launching ReadDataFromJsonFile] INFO  o.e.m.c.i.embedder.EclipseLogger - Using 'UTF-8' encoding to copy filtered resources.
2023-10-31 11:34:10,745 [Worker-14: Launching ReadDataFromJsonFile] INFO  o.e.m.c.i.embedder.EclipseLogger - skip non existing resourceDirectory C:\MyDmantzcode\jsonproject\src\test\resources
2023-11-01 08:27:16,227 [Worker-17: Loading available Gradle versions] INFO  o.e.b.c.i.u.g.PublishedGradleVersions - Gradle version information cache is out-of-date. Trying to update.
2023-11-02 11:45:44,708 [Worker-28: Loading available Gradle versions] INFO  o.e.b.c.i.u.g.PublishedGradleVersions - Gradle version information cache is out-of-date. Trying to update.
2023-11-03 17:29:58,479 [Worker-6: Loading available Gradle versions] INFO  o.e.b.c.i.u.g.PublishedGradleVersions - Gradle version information cache is out-of-date. Trying to update.
2023-11-07 11:33:44,465 [Worker-4: Loading available Gradle versions] INFO  o.e.b.c.i.u.g.PublishedGradleVersions - Gradle version information cache is out-of-date. Trying to update.
2023-11-07 19:44:09,267 [Worker-7: Loading available Gradle versions] INFO  o.e.b.c.i.u.g.PublishedGradleVersions - Gradle version information cache is up-to-date. Trying to read.
2023-11-08 09:33:50,012 [Worker-2: Loading available Gradle versions] INFO  o.e.b.c.i.u.g.PublishedGradleVersions - Gradle version information cache is up-to-date. Trying to read.
2023-11-08 09:34:08,831 [Worker-21: Building] INFO  o.e.m.c.i.embedder.EclipseLogger - Using 'UTF-8' encoding to copy filtered resources.
2023-11-08 09:34:08,831 [Worker-21: Building] INFO  o.e.m.c.i.embedder.EclipseLogger - skip non existing resourceDirectory C:\MyDmantzcode\jsonproject\src\main\resources
2023-11-08 09:34:08,837 [Worker-21: Building] INFO  o.e.m.c.i.embedder.EclipseLogger - Using 'UTF-8' encoding to copy filtered resources.
2023-11-08 09:34:08,838 [Worker-21: Building] INFO  o.e.m.c.i.embedder.EclipseLogger - skip non existing resourceDirectory C:\MyDmantzcode\jsonproject\src\test\resources
2023-11-08 18:28:07,933 [Worker-6: Loading available Gradle versions] INFO  o.e.b.c.i.u.g.PublishedGradleVersions - Gradle version information cache is out-of-date. Trying to update.
2023-11-09 08:57:22,681 [Worker-2: Loading available Gradle versions] INFO  o.e.b.c.i.u.g.PublishedGradleVersions - Gradle version information cache is up-to-date. Trying to read.
2023-11-11 18:22:45,435 [Worker-4: Loading available Gradle versions] INFO  o.e.b.c.i.u.g.PublishedGradleVersions - Gradle version information cache is out-of-date. Trying to update.
2023-11-13 17:06:41,390 [Worker-9: Loading available Gradle versions] INFO  o.e.b.c.i.u.g.PublishedGradleVersions - Gradle version information cache is out-of-date. Trying to update.
2023-11-13 17:07:06,974 [Worker-12: Building] INFO  o.e.m.c.i.embedder.EclipseLogger - Using 'UTF-8' encoding to copy filtered resources.
2023-11-13 17:07:06,974 [Worker-12: Building] INFO  o.e.m.c.i.embedder.EclipseLogger - skip non existing resourceDirectory C:\MyDmantzcode\jsonproject\src\main\resources
2023-11-13 17:07:06,980 [Worker-12: Building] INFO  o.e.m.c.i.embedder.EclipseLogger - Using 'UTF-8' encoding to copy filtered resources.
2023-11-13 17:07:06,980 [Worker-12: Building] INFO  o.e.m.c.i.embedder.EclipseLogger - skip non existing resourceDirectory C:\MyDmantzcode\jsonproject\src\test\resources
2023-11-16 13:16:18,466 [Worker-1: Loading available Gradle versions] INFO  o.e.b.c.i.u.g.PublishedGradleVersions - Gradle version information cache is out-of-date. Trying to update.
2023-11-16 13:16:21,660 [Worker-13: Building] INFO  o.e.m.c.i.embedder.EclipseLogger - Using 'UTF-8' encoding to copy filtered resources.
2023-11-16 13:16:21,660 [Worker-13: Building] INFO  o.e.m.c.i.embedder.EclipseLogger - skip non existing resourceDirectory C:\MyDmantzcode\jsonproject\src\main\resources
2023-11-16 13:16:21,666 [Worker-13: Building] INFO  o.e.m.c.i.embedder.EclipseLogger - Using 'UTF-8' encoding to copy filtered resources.
2023-11-16 13:16:21,666 [Worker-13: Building] INFO  o.e.m.c.i.embedder.EclipseLogger - skip non existing resourceDirectory C:\MyDmantzcode\jsonproject\src\test\resources
2023-11-16 18:31:21,354 [Worker-30: Building] INFO  o.e.m.c.i.embedder.EclipseLogger - Using 'UTF-8' encoding to copy filtered resources.
2023-11-16 18:31:21,358 [Worker-30: Building] INFO  o.e.m.c.i.embedder.EclipseLogger - skip non existing resourceDirectory C:\MyDmantzcode\jsonproject\src\main\resources
2023-11-16 18:31:21,362 [Worker-30: Building] INFO  o.e.m.c.i.embedder.EclipseLogger - Using 'UTF-8' encoding to copy filtered resources.
2023-11-16 18:31:21,362 [Worker-30: Building] INFO  o.e.m.c.i.embedder.EclipseLogger - skip non existing resourceDirectory C:\MyDmantzcode\jsonproject\src\test\resources
2023-11-20 16:53:06,928 [Worker-3: Loading available Gradle versions] INFO  o.e.b.c.i.u.g.PublishedGradleVersions - Gradle version information cache is out-of-date. Trying to update.
